2024-09-09 15:11:03,410 [Worker-5: Loading available Gradle versions] INFO  o.e.b.c.i.u.g.PublishedGradleVersions - Gradle version information cache is up-to-date. Trying to read.
2024-09-09 15:21:00,485 [Worker-4: Importing Maven projects] INFO  o.e.m.c.i.l.LifecycleMappingFactory - Using org.eclipse.m2e.jdt.JarLifecycleMapping lifecycle mapping for MavenProject: ar.edu.unlp.oo1:ejercicio1-wallpost:1.0.0 @ C:\Users\Usuario\Desktop\UNLP\ejerOO1\pom.xml.
2024-09-09 15:21:07,128 [Worker-4: Importing Maven projects] INFO  o.e.m.j.i.AbstractJavaProjectConfigurator - Adding source folder /ejercicio1-wallpost/src/main/java
2024-09-09 15:21:07,133 [Worker-4: Importing Maven projects] INFO  o.e.m.j.i.AbstractJavaProjectConfigurator - Adding resource folder /ejercicio1-wallpost/src/main/resources
2024-09-09 15:21:07,142 [Worker-4: Importing Maven projects] INFO  o.e.m.j.i.AbstractJavaProjectConfigurator - Adding source folder /ejercicio1-wallpost/src/test/java
2024-09-09 15:21:07,144 [Worker-4: Importing Maven projects] INFO  o.e.m.j.i.AbstractJavaProjectConfigurator - Adding resource folder /ejercicio1-wallpost/src/test/resources
2024-09-09 15:21:10,392 [Worker-4: Importing Maven projects] INFO  o.e.m.c.i.p.ProjectConfigurationManager - Imported and configured 1 project(s) in 42 sec
2024-09-09 15:21:17,144 [Worker-18: Building] INFO  o.a.m.s.f.DefaultMavenResourcesFiltering - skip non existing resourceDirectory C:\Users\Usuario\Desktop\UNLP\ejerOO1\src\main\resources
2024-09-09 15:21:17,151 [Worker-18: Building] INFO  o.a.m.s.f.DefaultMavenResourcesFiltering - skip non existing resourceDirectory C:\Users\Usuario\Desktop\UNLP\ejerOO1\src\test\resources
2024-09-09 15:24:10,645 [Worker-11: Launching mavenrun-dcb9b523-97e8-4b21-ab16-d400319baf66] INFO  o.eclipse.m2e.core.internal.Bundles - getClasspathEntries(Bundle=org.eclipse.m2e.maven.runtime_3.9.700.20240602-2313 [297])
2024-09-09 15:24:10,787 [Worker-11: Launching mavenrun-dcb9b523-97e8-4b21-ab16-d400319baf66] INFO  o.eclipse.m2e.core.internal.Bundles - 	Entry: C:\Users\Usuario\.p2\pool\plugins\org.eclipse.m2e.maven.runtime_3.9.700.20240602-2313
2024-09-09 15:24:10,788 [Worker-11: Launching mavenrun-dcb9b523-97e8-4b21-ab16-d400319baf66] INFO  o.eclipse.m2e.core.internal.Bundles - 	Entry: C:\Users\Usuario\.p2\pool\plugins\org.eclipse.m2e.maven.runtime_3.9.700.20240602-2313\jars\aopalliance-1.0.jar
2024-09-09 15:24:10,820 [Worker-11: Launching mavenrun-dcb9b523-97e8-4b21-ab16-d400319baf66] INFO  o.eclipse.m2e.core.internal.Bundles - 	Entry: C:\Users\Usuario\.p2\pool\plugins\org.eclipse.m2e.maven.runtime_3.9.700.20240602-2313\jars\guice-5.1.0.jar
2024-09-09 15:24:10,820 [Worker-11: Launching mavenrun-dcb9b523-97e8-4b21-ab16-d400319baf66] INFO  o.eclipse.m2e.core.internal.Bundles - 	Entry: C:\Users\Usuario\.p2\pool\plugins\org.eclipse.m2e.maven.runtime_3.9.700.20240602-2313\jars\httpclient-4.5.14.jar
2024-09-09 15:24:10,821 [Worker-11: Launching mavenrun-dcb9b523-97e8-4b21-ab16-d400319baf66] INFO  o.eclipse.m2e.core.internal.Bundles - 	Entry: C:\Users\Usuario\.p2\pool\plugins\org.eclipse.m2e.maven.runtime_3.9.700.20240602-2313\jars\httpcore-4.4.16.jar
2024-09-09 15:24:10,821 [Worker-11: Launching mavenrun-dcb9b523-97e8-4b21-ab16-d400319baf66] INFO  o.eclipse.m2e.core.internal.Bundles - 	Entry: C:\Users\Usuario\.p2\pool\plugins\org.eclipse.m2e.maven.runtime_3.9.700.20240602-2313\jars\jansi-2.4.1.jar
2024-09-09 15:24:10,821 [Worker-11: Launching mavenrun-dcb9b523-97e8-4b21-ab16-d400319baf66] INFO  o.eclipse.m2e.core.internal.Bundles - 	Entry: C:\Users\Usuario\.p2\pool\plugins\org.eclipse.m2e.maven.runtime_3.9.700.20240602-2313\jars\jcl-over-slf4j-1.7.36.jar
2024-09-09 15:24:10,839 [Worker-11: Launching mavenrun-dcb9b523-97e8-4b21-ab16-d400319baf66] INFO  o.eclipse.m2e.core.internal.Bundles - 	Entry: C:\Users\Usuario\.p2\pool\plugins\org.eclipse.m2e.maven.runtime_3.9.700.20240602-2313\jars\maven-artifact-3.9.7.jar
2024-09-09 15:24:10,840 [Worker-11: Launching mavenrun-dcb9b523-97e8-4b21-ab16-d400319baf66] INFO  o.eclipse.m2e.core.internal.Bundles - 	Entry: C:\Users\Usuario\.p2\pool\plugins\org.eclipse.m2e.maven.runtime_3.9.700.20240602-2313\jars\maven-builder-support-3.9.7.jar
2024-09-09 15:24:10,840 [Worker-11: Launching mavenrun-dcb9b523-97e8-4b21-ab16-d400319baf66] INFO  o.eclipse.m2e.core.internal.Bundles - 	Entry: C:\Users\Usuario\.p2\pool\plugins\org.eclipse.m2e.maven.runtime_3.9.700.20240602-2313\jars\maven-compat-3.9.7.jar
2024-09-09 15:24:10,848 [Worker-11: Launching mavenrun-dcb9b523-97e8-4b21-ab16-d400319baf66] INFO  o.eclipse.m2e.core.internal.Bundles - 	Entry: C:\Users\Usuario\.p2\pool\plugins\org.eclipse.m2e.maven.runtime_3.9.700.20240602-2313\jars\maven-core-3.9.7.jar
2024-09-09 15:24:10,849 [Worker-11: Launching mavenrun-dcb9b523-97e8-4b21-ab16-d400319baf66] INFO  o.eclipse.m2e.core.internal.Bundles - 	Entry: C:\Users\Usuario\.p2\pool\plugins\org.eclipse.m2e.maven.runtime_3.9.700.20240602-2313\jars\maven-embedder-3.9.7.jar
2024-09-09 15:24:10,858 [Worker-11: Launching mavenrun-dcb9b523-97e8-4b21-ab16-d400319baf66] INFO  o.eclipse.m2e.core.internal.Bundles - 	Entry: C:\Users\Usuario\.p2\pool\plugins\org.eclipse.m2e.maven.runtime_3.9.700.20240602-2313\jars\maven-model-3.9.7.jar
2024-09-09 15:24:10,859 [Worker-11: Launching mavenrun-dcb9b523-97e8-4b21-ab16-d400319baf66] INFO  o.eclipse.m2e.core.internal.Bundles - 	Entry: C:\Users\Usuario\.p2\pool\plugins\org.eclipse.m2e.maven.runtime_3.9.700.20240602-2313\jars\maven-model-builder-3.9.7.jar
2024-09-09 15:24:10,859 [Worker-11: Launching mavenrun-dcb9b523-97e8-4b21-ab16-d400319baf66] INFO  o.eclipse.m2e.core.internal.Bundles - 	Entry: C:\Users\Usuario\.p2\pool\plugins\org.eclipse.m2e.maven.runtime_3.9.700.20240602-2313\jars\maven-plugin-api-3.9.7.jar
2024-09-09 15:24:10,870 [Worker-11: Launching mavenrun-dcb9b523-97e8-4b21-ab16-d400319baf66] INFO  o.eclipse.m2e.core.internal.Bundles - 	Entry: C:\Users\Usuario\.p2\pool\plugins\org.eclipse.m2e.maven.runtime_3.9.700.20240602-2313\jars\maven-repository-metadata-3.9.7.jar
2024-09-09 15:24:10,871 [Worker-11: Launching mavenrun-dcb9b523-97e8-4b21-ab16-d400319baf66] INFO  o.eclipse.m2e.core.internal.Bundles - 	Entry: C:\Users\Usuario\.p2\pool\plugins\org.eclipse.m2e.maven.runtime_3.9.700.20240602-2313\jars\maven-resolver-api-1.9.20.jar
2024-09-09 15:24:10,871 [Worker-11: Launching mavenrun-dcb9b523-97e8-4b21-ab16-d400319baf66] INFO  o.eclipse.m2e.core.internal.Bundles - 	Entry: C:\Users\Usuario\.p2\pool\plugins\org.eclipse.m2e.maven.runtime_3.9.700.20240602-2313\jars\maven-resolver-connector-basic-1.9.20.jar
2024-09-09 15:24:10,872 [Worker-11: Launching mavenrun-dcb9b523-97e8-4b21-ab16-d400319baf66] INFO  o.eclipse.m2e.core.internal.Bundles - 	Entry: C:\Users\Usuario\.p2\pool\plugins\org.eclipse.m2e.maven.runtime_3.9.700.20240602-2313\jars\maven-resolver-impl-1.9.20.jar
2024-09-09 15:24:10,872 [Worker-11: Launching mavenrun-dcb9b523-97e8-4b21-ab16-d400319baf66] INFO  o.eclipse.m2e.core.internal.Bundles - 	Entry: C:\Users\Usuario\.p2\pool\plugins\org.eclipse.m2e.maven.runtime_3.9.700.20240602-2313\jars\maven-resolver-named-locks-1.9.20.jar
2024-09-09 15:24:10,881 [Worker-11: Launching mavenrun-dcb9b523-97e8-4b21-ab16-d400319baf66] INFO  o.eclipse.m2e.core.internal.Bundles - 	Entry: C:\Users\Usuario\.p2\pool\plugins\org.eclipse.m2e.maven.runtime_3.9.700.20240602-2313\jars\maven-resolver-provider-3.9.7.jar
2024-09-09 15:24:10,881 [Worker-11: Launching mavenrun-dcb9b523-97e8-4b21-ab16-d400319baf66] INFO  o.eclipse.m2e.core.internal.Bundles - 	Entry: C:\Users\Usuario\.p2\pool\plugins\org.eclipse.m2e.maven.runtime_3.9.700.20240602-2313\jars\maven-resolver-spi-1.9.20.jar
2024-09-09 15:24:10,882 [Worker-11: Launching mavenrun-dcb9b523-97e8-4b21-ab16-d400319baf66] INFO  o.eclipse.m2e.core.internal.Bundles - 	Entry: C:\Users\Usuario\.p2\pool\plugins\org.eclipse.m2e.maven.runtime_3.9.700.20240602-2313\jars\maven-resolver-transport-file-1.9.20.jar
2024-09-09 15:24:10,882 [Worker-11: Launching mavenrun-dcb9b523-97e8-4b21-ab16-d400319baf66] INFO  o.eclipse.m2e.core.internal.Bundles - 	Entry: C:\Users\Usuario\.p2\pool\plugins\org.eclipse.m2e.maven.runtime_3.9.700.20240602-2313\jars\maven-resolver-transport-http-1.9.20.jar
2024-09-09 15:24:10,883 [Worker-11: Launching mavenrun-dcb9b523-97e8-4b21-ab16-d400319baf66] INFO  o.eclipse.m2e.core.internal.Bundles - 	Entry: C:\Users\Usuario\.p2\pool\plugins\org.eclipse.m2e.maven.runtime_3.9.700.20240602-2313\jars\maven-resolver-transport-wagon-1.9.20.jar
2024-09-09 15:24:10,883 [Worker-11: Launching mavenrun-dcb9b523-97e8-4b21-ab16-d400319baf66] INFO  o.eclipse.m2e.core.internal.Bundles - 	Entry: C:\Users\Usuario\.p2\pool\plugins\org.eclipse.m2e.maven.runtime_3.9.700.20240602-2313\jars\maven-resolver-util-1.9.20.jar
2024-09-09 15:24:10,883 [Worker-11: Launching mavenrun-dcb9b523-97e8-4b21-ab16-d400319baf66] INFO  o.eclipse.m2e.core.internal.Bundles - 	Entry: C:\Users\Usuario\.p2\pool\plugins\org.eclipse.m2e.maven.runtime_3.9.700.20240602-2313\jars\maven-settings-3.9.7.jar
2024-09-09 15:24:10,909 [Worker-11: Launching mavenrun-dcb9b523-97e8-4b21-ab16-d400319baf66] INFO  o.eclipse.m2e.core.internal.Bundles - 	Entry: C:\Users\Usuario\.p2\pool\plugins\org.eclipse.m2e.maven.runtime_3.9.700.20240602-2313\jars\maven-settings-builder-3.9.7.jar
2024-09-09 15:24:10,921 [Worker-11: Launching mavenrun-dcb9b523-97e8-4b21-ab16-d400319baf66] INFO  o.eclipse.m2e.core.internal.Bundles - 	Entry: C:\Users\Usuario\.p2\pool\plugins\org.eclipse.m2e.maven.runtime_3.9.700.20240602-2313\jars\maven-shared-utils-3.4.2.jar
2024-09-09 15:24:10,921 [Worker-11: Launching mavenrun-dcb9b523-97e8-4b21-ab16-d400319baf66] INFO  o.eclipse.m2e.core.internal.Bundles - 	Entry: C:\Users\Usuario\.p2\pool\plugins\org.eclipse.m2e.maven.runtime_3.9.700.20240602-2313\jars\org.eclipse.sisu.inject-0.9.0.M2.jar
2024-09-09 15:24:10,933 [Worker-11: Launching mavenrun-dcb9b523-97e8-4b21-ab16-d400319baf66] INFO  o.eclipse.m2e.core.internal.Bundles - 	Entry: C:\Users\Usuario\.p2\pool\plugins\org.eclipse.m2e.maven.runtime_3.9.700.20240602-2313\jars\org.eclipse.sisu.plexus-0.9.0.M2.jar
2024-09-09 15:24:10,933 [Worker-11: Launching mavenrun-dcb9b523-97e8-4b21-ab16-d400319baf66] INFO  o.eclipse.m2e.core.internal.Bundles - 	Entry: C:\Users\Usuario\.p2\pool\plugins\org.eclipse.m2e.maven.runtime_3.9.700.20240602-2313\jars\plexus-build-api-0.0.7.jar
2024-09-09 15:24:10,933 [Worker-11: Launching mavenrun-dcb9b523-97e8-4b21-ab16-d400319baf66] INFO  o.eclipse.m2e.core.internal.Bundles - 	Entry: C:\Users\Usuario\.p2\pool\plugins\org.eclipse.m2e.maven.runtime_3.9.700.20240602-2313\jars\plexus-build-api-1.2.0.jar
2024-09-09 15:24:10,937 [Worker-11: Launching mavenrun-dcb9b523-97e8-4b21-ab16-d400319baf66] INFO  o.eclipse.m2e.core.internal.Bundles - 	Entry: C:\Users\Usuario\.p2\pool\plugins\org.eclipse.m2e.maven.runtime_3.9.700.20240602-2313\jars\plexus-cipher-2.0.jar
2024-09-09 15:24:10,937 [Worker-11: Launching mavenrun-dcb9b523-97e8-4b21-ab16-d400319baf66] INFO  o.eclipse.m2e.core.internal.Bundles - 	Entry: C:\Users\Usuario\.p2\pool\plugins\org.eclipse.m2e.maven.runtime_3.9.700.20240602-2313\jars\plexus-classworlds-2.8.0.jar
2024-09-09 15:24:10,938 [Worker-11: Launching mavenrun-dcb9b523-97e8-4b21-ab16-d400319baf66] INFO  o.eclipse.m2e.core.internal.Bundles - 	Entry: C:\Users\Usuario\.p2\pool\plugins\org.eclipse.m2e.maven.runtime_3.9.700.20240602-2313\jars\plexus-component-annotations-2.1.0.jar
2024-09-09 15:24:10,938 [Worker-11: Launching mavenrun-dcb9b523-97e8-4b21-ab16-d400319baf66] INFO  o.eclipse.m2e.core.internal.Bundles - 	Entry: C:\Users\Usuario\.p2\pool\plugins\org.eclipse.m2e.maven.runtime_3.9.700.20240602-2313\jars\plexus-interpolation-1.27.jar
2024-09-09 15:24:10,952 [Worker-11: Launching mavenrun-dcb9b523-97e8-4b21-ab16-d400319baf66] INFO  o.eclipse.m2e.core.internal.Bundles - 	Entry: C:\Users\Usuario\.p2\pool\plugins\org.eclipse.m2e.maven.runtime_3.9.700.20240602-2313\jars\plexus-sec-dispatcher-2.0.jar
2024-09-09 15:24:10,953 [Worker-11: Launching mavenrun-dcb9b523-97e8-4b21-ab16-d400319baf66] INFO  o.eclipse.m2e.core.internal.Bundles - 	Entry: C:\Users\Usuario\.p2\pool\plugins\org.eclipse.m2e.maven.runtime_3.9.700.20240602-2313\jars\plexus-utils-3.5.1.jar
2024-09-09 15:24:10,953 [Worker-11: Launching mavenrun-dcb9b523-97e8-4b21-ab16-d400319baf66] INFO  o.eclipse.m2e.core.internal.Bundles - 	Entry: C:\Users\Usuario\.p2\pool\plugins\org.eclipse.m2e.maven.runtime_3.9.700.20240602-2313\jars\wagon-file-3.5.3.jar
2024-09-09 15:24:10,954 [Worker-11: Launching mavenrun-dcb9b523-97e8-4b21-ab16-d400319baf66] INFO  o.eclipse.m2e.core.internal.Bundles - 	Entry: C:\Users\Usuario\.p2\pool\plugins\org.eclipse.m2e.maven.runtime_3.9.700.20240602-2313\jars\wagon-http-3.5.3.jar
2024-09-09 15:24:10,954 [Worker-11: Launching mavenrun-dcb9b523-97e8-4b21-ab16-d400319baf66] INFO  o.eclipse.m2e.core.internal.Bundles - 	Entry: C:\Users\Usuario\.p2\pool\plugins\org.eclipse.m2e.maven.runtime_3.9.700.20240602-2313\jars\wagon-http-shared-3.5.3.jar
2024-09-09 15:24:10,955 [Worker-11: Launching mavenrun-dcb9b523-97e8-4b21-ab16-d400319baf66] INFO  o.eclipse.m2e.core.internal.Bundles - 	Entry: C:\Users\Usuario\.p2\pool\plugins\org.eclipse.m2e.maven.runtime_3.9.700.20240602-2313\jars\wagon-provider-api-3.5.3.jar
2024-09-09 15:24:10,957 [Worker-11: Launching mavenrun-dcb9b523-97e8-4b21-ab16-d400319baf66] INFO  o.eclipse.m2e.core.internal.Bundles - getClasspathEntries(Bundle=com.google.guava_33.2.0.jre [10])
2024-09-09 15:24:10,995 [Worker-11: Launching mavenrun-dcb9b523-97e8-4b21-ab16-d400319baf66] INFO  o.eclipse.m2e.core.internal.Bundles - 	Entry: C:\Users\Usuario\.p2\pool\plugins\com.google.guava_33.2.0.jre.jar
2024-09-09 15:24:10,995 [Worker-11: Launching mavenrun-dcb9b523-97e8-4b21-ab16-d400319baf66] INFO  o.eclipse.m2e.core.internal.Bundles - getClasspathEntries(Bundle=slf4j.api_2.0.16 [518])
2024-09-09 15:24:11,004 [Worker-11: Launching mavenrun-dcb9b523-97e8-4b21-ab16-d400319baf66] INFO  o.eclipse.m2e.core.internal.Bundles - 	Entry: C:\Users\Usuario\.p2\pool\plugins\slf4j.api_2.0.16.jar
2024-09-09 15:24:11,005 [Worker-11: Launching mavenrun-dcb9b523-97e8-4b21-ab16-d400319baf66] INFO  o.eclipse.m2e.core.internal.Bundles - getClasspathEntries(Bundle=jakarta.inject.jakarta.inject-api_1.0.5 [21])
2024-09-09 15:24:11,043 [Worker-11: Launching mavenrun-dcb9b523-97e8-4b21-ab16-d400319baf66] INFO  o.eclipse.m2e.core.internal.Bundles - 	Entry: C:\Users\Usuario\.p2\pool\plugins\jakarta.inject.jakarta.inject-api_1.0.5.jar
2024-09-09 15:24:11,043 [Worker-11: Launching mavenrun-dcb9b523-97e8-4b21-ab16-d400319baf66] INFO  o.eclipse.m2e.core.internal.Bundles - getClasspathEntries(Bundle=javax.annotation_1.3.5.v20200909-1856 [24])
2024-09-09 15:24:11,044 [Worker-11: Launching mavenrun-dcb9b523-97e8-4b21-ab16-d400319baf66] INFO  o.eclipse.m2e.core.internal.Bundles - 	Entry: C:\Users\Usuario\.p2\pool\plugins\javax.annotation_1.3.5.v20200909-1856.jar
2024-09-09 15:24:11,044 [Worker-11: Launching mavenrun-dcb9b523-97e8-4b21-ab16-d400319baf66] INFO  o.eclipse.m2e.core.internal.Bundles - getClasspathEntries(Bundle=org.apache.commons.cli_1.8.0 [47])
2024-09-09 15:24:11,062 [Worker-11: Launching mavenrun-dcb9b523-97e8-4b21-ab16-d400319baf66] INFO  o.eclipse.m2e.core.internal.Bundles - 	Entry: C:\Users\Usuario\.p2\pool\plugins\org.apache.commons.cli_1.8.0.jar
2024-09-09 15:24:11,062 [Worker-11: Launching mavenrun-dcb9b523-97e8-4b21-ab16-d400319baf66] INFO  o.eclipse.m2e.core.internal.Bundles - getClasspathEntries(Bundle=org.apache.commons.commons-codec_1.16.0 [48])
2024-09-09 15:24:11,074 [Worker-11: Launching mavenrun-dcb9b523-97e8-4b21-ab16-d400319baf66] INFO  o.eclipse.m2e.core.internal.Bundles - 	Entry: C:\Users\Usuario\.p2\pool\plugins\org.apache.commons.commons-codec_1.16.0.jar
2024-09-09 15:24:11,074 [Worker-11: Launching mavenrun-dcb9b523-97e8-4b21-ab16-d400319baf66] INFO  o.eclipse.m2e.core.internal.Bundles - getClasspathEntries(Bundle=org.apache.commons.lang3_3.14.0 [54])
2024-09-09 15:24:11,074 [Worker-11: Launching mavenrun-dcb9b523-97e8-4b21-ab16-d400319baf66] INFO  o.eclipse.m2e.core.internal.Bundles - 	Entry: C:\Users\Usuario\.p2\pool\plugins\org.apache.commons.lang3_3.14.0.jar
2024-09-09 15:24:11,075 [Worker-11: Launching mavenrun-dcb9b523-97e8-4b21-ab16-d400319baf66] INFO  o.eclipse.m2e.core.internal.Bundles - getClasspathEntries(Bundle=com.google.guava.failureaccess_1.0.2 [11])
2024-09-09 15:24:11,075 [Worker-11: Launching mavenrun-dcb9b523-97e8-4b21-ab16-d400319baf66] INFO  o.eclipse.m2e.core.internal.Bundles - 	Entry: C:\Users\Usuario\.p2\pool\plugins\com.google.guava.failureaccess_1.0.2.jar
2024-09-09 15:24:11,220 [Worker-11: Launching mavenrun-dcb9b523-97e8-4b21-ab16-d400319baf66] INFO  o.e.m.i.launch.MavenLaunchDelegate - Run build in "C:\Users\Usuario\AppData\Local\Temp\m2e-archetypeGenerator3089045432755718295":
2024-09-09 15:24:11,279 [Worker-11: Launching mavenrun-dcb9b523-97e8-4b21-ab16-d400319baf66] INFO  o.e.m.i.launch.MavenLaunchDelegate -  mvn  -DarchetypeGroupId=io.github.unlp-oo -DarchetypeArtifactId=archetype -DarchetypeVersion=1.0.0 -DgroupId=ar.edu.unlp.info.oo1 -DartifactId=ejercicio1 -Dversion=0.0.1-SNAPSHOT -Dpackage=ar.edu.unlp.info.oo1.ejercicio1 -DoutputDirectory=C:\Users\Usuario\Desktop\UNLP\OO1 -B -Dstyle.color=always -U archetype:generate
2024-09-09 15:24:45,218 [Worker-4: Creating archetype] INFO  o.e.m.c.i.p.ProjectConfigurationManager - Collecting project info '/pom.xml' C:\Users\Usuario\Desktop\UNLP\OO1\ejercicio1\pom.xml
2024-09-09 15:24:49,560 [Worker-4: Creating archetype] INFO  o.e.m.c.i.e.AbstractTransferListenerAdapter - Downloading https://repo.maven.apache.org/maven2/org/apache/maven/plugins/maven-surefire-plugin/2.22.2/maven-surefire-plugin-2.22.2.jar
2024-09-09 15:25:00,321 [Worker-4: Creating archetype] INFO  o.e.m.c.i.e.AbstractTransferListenerAdapter - Downloaded https://repo.maven.apache.org/maven2/org/apache/maven/plugins/maven-surefire-plugin/2.22.2/maven-surefire-plugin-2.22.2.jar
2024-09-09 15:25:01,037 [Worker-4: Creating archetype] INFO  o.e.m.c.i.l.LifecycleMappingFactory - Using org.eclipse.m2e.jdt.JarLifecycleMapping lifecycle mapping for MavenProject: ar.edu.unlp.info.oo1:ejercicio1:0.0.1-SNAPSHOT @ C:\Users\Usuario\Desktop\UNLP\OO1\ejercicio1\pom.xml.
2024-09-09 15:25:01,311 [Worker-4: Creating archetype] INFO  o.e.m.c.i.e.AbstractTransferListenerAdapter - Downloading https://repo.maven.apache.org/maven2/org/apache/maven/plugins/maven-surefire-plugin/2.22.2/maven-surefire-plugin-2.22.2.pom
2024-09-09 15:25:01,462 [Worker-4: Creating archetype] INFO  o.e.m.c.i.e.AbstractTransferListenerAdapter - Downloaded https://repo.maven.apache.org/maven2/org/apache/maven/plugins/maven-surefire-plugin/2.22.2/maven-surefire-plugin-2.22.2.pom
2024-09-09 15:25:01,497 [Worker-4: Creating archetype] INFO  o.e.m.c.i.e.AbstractTransferListenerAdapter - Downloading https://repo.maven.apache.org/maven2/org/apache/maven/surefire/surefire/2.22.2/surefire-2.22.2.pom
2024-09-09 15:25:01,744 [Worker-4: Creating archetype] INFO  o.e.m.c.i.e.AbstractTransferListenerAdapter - Downloaded https://repo.maven.apache.org/maven2/org/apache/maven/surefire/surefire/2.22.2/surefire-2.22.2.pom
2024-09-09 15:25:02,475 [Worker-4: Creating archetype] INFO  o.e.m.j.i.AbstractJavaProjectConfigurator - Adding source folder /ejercicio1/src/main/java
2024-09-09 15:25:02,477 [Worker-4: Creating archetype] INFO  o.e.m.j.i.AbstractJavaProjectConfigurator - Adding resource folder /ejercicio1/src/main/resources
2024-09-09 15:25:02,478 [Worker-4: Creating archetype] INFO  o.e.m.j.i.AbstractJavaProjectConfigurator - Adding source folder /ejercicio1/src/test/java
2024-09-09 15:25:02,479 [Worker-4: Creating archetype] INFO  o.e.m.j.i.AbstractJavaProjectConfigurator - Adding resource folder /ejercicio1/src/test/resources
2024-09-09 15:25:02,709 [Worker-4: Creating archetype] INFO  o.e.m.c.i.p.ProjectConfigurationManager - Imported and configured 1 project(s) in 17 sec
2024-09-09 15:25:03,988 [Worker-15: Building] INFO  o.a.m.s.f.DefaultMavenResourcesFiltering - skip non existing resourceDirectory C:\Users\Usuario\Desktop\UNLP\OO1\ejercicio1\src\main\resources
2024-09-09 15:25:03,993 [Worker-15: Building] INFO  o.a.m.s.f.DefaultMavenResourcesFiltering - skip non existing resourceDirectory C:\Users\Usuario\Desktop\UNLP\OO1\ejercicio1\src\test\resources
2024-09-09 15:28:07,729 [Worker-20: Launching ejercicio1] INFO  o.e.m.c.i.e.AbstractTransferListenerAdapter - Downloading https://repo.maven.apache.org/maven2/org/junit/platform/junit-platform-launcher/1.7.2/junit-platform-launcher-1.7.2.jar
2024-09-09 15:28:08,724 [Worker-20: Launching ejercicio1] INFO  o.e.m.c.i.e.AbstractTransferListenerAdapter - Downloaded https://repo.maven.apache.org/maven2/org/junit/platform/junit-platform-launcher/1.7.2/junit-platform-launcher-1.7.2.jar
2024-09-09 15:57:04,843 [Worker-21: Importing Maven projects] INFO  o.e.m.c.i.l.LifecycleMappingFactory - Using org.eclipse.m2e.jdt.JarLifecycleMapping lifecycle mapping for MavenProject: ar.edu.unlp.oo1:ejercicio1-wallpost:1.0.0 @ C:\Users\Usuario\Desktop\UNLP\proyectosMaven\ejer1\pom.xml.
2024-09-09 15:57:05,197 [Worker-21: Importing Maven projects] INFO  o.e.m.j.i.AbstractJavaProjectConfigurator - Adding source folder /ejercicio1-wallpost/src/main/java
2024-09-09 15:57:05,198 [Worker-21: Importing Maven projects] INFO  o.e.m.j.i.AbstractJavaProjectConfigurator - Adding resource folder /ejercicio1-wallpost/src/main/resources
2024-09-09 15:57:05,231 [Worker-21: Importing Maven projects] INFO  o.e.m.j.i.AbstractJavaProjectConfigurator - Adding source folder /ejercicio1-wallpost/src/test/java
2024-09-09 15:57:05,233 [Worker-21: Importing Maven projects] INFO  o.e.m.j.i.AbstractJavaProjectConfigurator - Adding resource folder /ejercicio1-wallpost/src/test/resources
2024-09-09 15:57:05,902 [Worker-21: Importing Maven projects] INFO  o.e.m.c.i.p.ProjectConfigurationManager - Imported and configured 1 project(s) in 1 sec
2024-09-09 15:57:08,978 [Worker-11: Building] INFO  o.a.m.s.f.DefaultMavenResourcesFiltering - skip non existing resourceDirectory C:\Users\Usuario\Desktop\UNLP\proyectosMaven\ejer1\src\main\resources
2024-09-09 15:57:08,999 [Worker-11: Building] INFO  o.a.m.s.f.DefaultMavenResourcesFiltering - skip non existing resourceDirectory C:\Users\Usuario\Desktop\UNLP\proyectosMaven\ejer1\src\test\resources
2024-09-09 16:09:41,120 [Worker-23: Importing Maven projects] INFO  o.e.m.c.i.l.LifecycleMappingFactory - Using org.eclipse.m2e.jdt.JarLifecycleMapping lifecycle mapping for MavenProject: ar.edu.unlp.oo1:ejercicio1-wallpost:1.0.0 @ C:\Users\Usuario\Desktop\UNLP\OO1\ejer1\pom.xml.
2024-09-09 16:09:42,067 [Worker-23: Importing Maven projects] INFO  o.e.m.j.i.AbstractJavaProjectConfigurator - Adding source folder /ejer1/src/main/java
2024-09-09 16:09:42,069 [Worker-23: Importing Maven projects] INFO  o.e.m.j.i.AbstractJavaProjectConfigurator - Adding resource folder /ejer1/src/main/resources
2024-09-09 16:09:42,075 [Worker-23: Importing Maven projects] INFO  o.e.m.j.i.AbstractJavaProjectConfigurator - Adding source folder /ejer1/src/test/java
2024-09-09 16:09:42,077 [Worker-23: Importing Maven projects] INFO  o.e.m.j.i.AbstractJavaProjectConfigurator - Adding resource folder /ejer1/src/test/resources
2024-09-09 16:09:42,831 [Worker-23: Importing Maven projects] INFO  o.e.m.c.i.p.ProjectConfigurationManager - Imported and configured 1 project(s) in 3 sec
2024-09-09 16:09:46,378 [Worker-27: Building] INFO  o.a.m.s.f.DefaultMavenResourcesFiltering - skip non existing resourceDirectory C:\Users\Usuario\Desktop\UNLP\OO1\ejer1\src\main\resources
2024-09-09 16:09:46,383 [Worker-27: Building] INFO  o.a.m.s.f.DefaultMavenResourcesFiltering - skip non existing resourceDirectory C:\Users\Usuario\Desktop\UNLP\OO1\ejer1\src\test\resources
2024-09-09 16:41:49,187 [Worker-28: Launching ejer1] INFO  o.a.m.s.f.DefaultMavenResourcesFiltering - skip non existing resourceDirectory C:\Users\Usuario\Desktop\UNLP\OO1\ejer1\src\main\resources
2024-09-09 16:41:49,211 [Worker-28: Launching ejer1] INFO  o.a.m.s.f.DefaultMavenResourcesFiltering - skip non existing resourceDirectory C:\Users\Usuario\Desktop\UNLP\OO1\ejer1\src\test\resources
2024-09-09 16:46:15,536 [Worker-29: Launching ejer1] INFO  o.a.m.s.f.DefaultMavenResourcesFiltering - skip non existing resourceDirectory C:\Users\Usuario\Desktop\UNLP\OO1\ejer1\src\main\resources
2024-09-09 16:46:15,555 [Worker-29: Launching ejer1] INFO  o.a.m.s.f.DefaultMavenResourcesFiltering - skip non existing resourceDirectory C:\Users\Usuario\Desktop\UNLP\OO1\ejer1\src\test\resources
2024-09-09 17:07:06,089 [Worker-27: Importing Maven projects] INFO  o.e.m.c.i.l.LifecycleMappingFactory - Using org.eclipse.m2e.jdt.JarLifecycleMapping lifecycle mapping for MavenProject: ar.edu.info.unlp:ejercicioDemo:0.0.1-SNAPSHOT @ C:\Users\Usuario\Desktop\UNLP\OO1\ejer2\ejercicioDemo\pom.xml.
2024-09-09 17:07:07,815 [Worker-27: Importing Maven projects] INFO  o.e.m.j.i.AbstractJavaProjectConfigurator - Adding source folder /ejercicioDemo/src/main/java
2024-09-09 17:07:07,818 [Worker-27: Importing Maven projects] INFO  o.e.m.j.i.AbstractJavaProjectConfigurator - Adding resource folder /ejercicioDemo/src/main/resources
2024-09-09 17:07:07,823 [Worker-27: Importing Maven projects] INFO  o.e.m.j.i.AbstractJavaProjectConfigurator - Adding source folder /ejercicioDemo/src/test/java
2024-09-09 17:07:07,824 [Worker-27: Importing Maven projects] INFO  o.e.m.j.i.AbstractJavaProjectConfigurator - Adding resource folder /ejercicioDemo/src/test/resources
2024-09-09 17:07:09,159 [Worker-27: Importing Maven projects] INFO  o.e.m.c.i.p.ProjectConfigurationManager - Imported and configured 1 project(s) in 8 sec
2024-09-09 17:07:14,397 [Worker-36: Building] INFO  o.a.m.s.f.DefaultMavenResourcesFiltering - skip non existing resourceDirectory C:\Users\Usuario\Desktop\UNLP\OO1\ejer2\ejercicioDemo\src\main\resources
2024-09-09 17:07:14,408 [Worker-36: Building] INFO  o.a.m.s.f.DefaultMavenResourcesFiltering - skip non existing resourceDirectory C:\Users\Usuario\Desktop\UNLP\OO1\ejer2\ejercicioDemo\src\test\resources
2024-09-09 17:14:53,443 [Worker-34: Updating Maven Dependencies] ERROR o.e.m.j.i.l.MavenLaunchConfigurationListener - Launch configuration ejercicio1 references non-existing project ejercicio1.
org.eclipse.core.runtime.CoreException: Launch configuration ejercicio1 references non-existing project ejercicio1.
	at org.eclipse.jdt.launching.JavaRuntime.abort(JavaRuntime.java:1867)
	at org.eclipse.jdt.launching.JavaRuntime.getJavaProject(JavaRuntime.java:1744)
	at org.eclipse.m2e.jdt.internal.launch.MavenLaunchConfigurationListener.updateLaunchConfiguration(MavenLaunchConfigurationListener.java:64)
	at org.eclipse.m2e.jdt.internal.launch.MavenLaunchConfigurationListener.launchConfigurationChanged(MavenLaunchConfigurationListener.java:50)
	at org.eclipse.debug.internal.core.LaunchManager$ConfigurationNotifier.run(LaunchManager.java:220)
	at org.eclipse.core.runtime.SafeRunner.run(SafeRunner.java:47)
	at org.eclipse.debug.internal.core.LaunchManager$ConfigurationNotifier.notify(LaunchManager.java:204)
	at org.eclipse.debug.internal.core.LaunchConfigurationWorkingCopy.setDirty(LaunchConfigurationWorkingCopy.java:527)
	at org.eclipse.debug.internal.core.LaunchConfigurationWorkingCopy.setAttribute(LaunchConfigurationWorkingCopy.java:415)
	at org.eclipse.m2e.jdt.internal.launch.MavenRuntimeClasspathProvider.disable(MavenRuntimeClasspathProvider.java:409)
	at org.eclipse.m2e.jdt.internal.launch.MavenRuntimeClasspathProvider.disable(MavenRuntimeClasspathProvider.java:435)
	at org.eclipse.m2e.jdt.internal.launch.MavenLaunchConfigurationListener.mavenProjectChanged(MavenLaunchConfigurationListener.java:135)
	at org.eclipse.m2e.core.internal.project.registry.ProjectRegistryManager.notifyProjectChangeListeners(ProjectRegistryManager.java:892)
	at org.eclipse.m2e.core.internal.project.registry.ProjectRegistryManager.applyMutableProjectRegistry(ProjectRegistryManager.java:1042)
	at org.eclipse.m2e.core.internal.project.registry.ProjectRegistryRefreshJob.lambda$0(ProjectRegistryRefreshJob.java:162)
	at org.eclipse.m2e.core.internal.embedder.MavenExecutionContext.executeBare(MavenExecutionContext.java:458)
	at org.eclipse.m2e.core.internal.embedder.MavenExecutionContext.execute(MavenExecutionContext.java:339)
	at org.eclipse.m2e.core.internal.embedder.MavenExecutionContext.execute(MavenExecutionContext.java:278)
	at org.eclipse.m2e.core.internal.project.registry.ProjectRegistryRefreshJob.run(ProjectRegistryRefreshJob.java:106)
	at org.eclipse.core.internal.jobs.Worker.run(Worker.java:63)
2024-09-09 17:14:53,716 [Worker-34: Updating Maven Dependencies] ERROR o.e.m.j.i.l.MavenLaunchConfigurationListener - Launch configuration ejercicio1 references non-existing project ejercicio1.
org.eclipse.core.runtime.CoreException: Launch configuration ejercicio1 references non-existing project ejercicio1.
	at org.eclipse.jdt.launching.JavaRuntime.abort(JavaRuntime.java:1867)
	at org.eclipse.jdt.launching.JavaRuntime.getJavaProject(JavaRuntime.java:1744)
	at org.eclipse.m2e.jdt.internal.launch.MavenLaunchConfigurationListener.updateLaunchConfiguration(MavenLaunchConfigurationListener.java:64)
	at org.eclipse.m2e.jdt.internal.launch.MavenLaunchConfigurationListener.launchConfigurationChanged(MavenLaunchConfigurationListener.java:50)
	at org.eclipse.debug.internal.core.LaunchManager$ConfigurationNotifier.run(LaunchManager.java:220)
	at org.eclipse.core.runtime.SafeRunner.run(SafeRunner.java:47)
	at org.eclipse.debug.internal.core.LaunchManager$ConfigurationNotifier.notify(LaunchManager.java:204)
	at org.eclipse.debug.internal.core.LaunchConfigurationWorkingCopy.setDirty(LaunchConfigurationWorkingCopy.java:527)
	at org.eclipse.debug.internal.core.LaunchConfigurationWorkingCopy.setAttribute(LaunchConfigurationWorkingCopy.java:415)
	at org.eclipse.m2e.jdt.internal.launch.MavenRuntimeClasspathProvider.disable(MavenRuntimeClasspathProvider.java:410)
	at org.eclipse.m2e.jdt.internal.launch.MavenRuntimeClasspathProvider.disable(MavenRuntimeClasspathProvider.java:435)
	at org.eclipse.m2e.jdt.internal.launch.MavenLaunchConfigurationListener.mavenProjectChanged(MavenLaunchConfigurationListener.java:135)
	at org.eclipse.m2e.core.internal.project.registry.ProjectRegistryManager.notifyProjectChangeListeners(ProjectRegistryManager.java:892)
	at org.eclipse.m2e.core.internal.project.registry.ProjectRegistryManager.applyMutableProjectRegistry(ProjectRegistryManager.java:1042)
	at org.eclipse.m2e.core.internal.project.registry.ProjectRegistryRefreshJob.lambda$0(ProjectRegistryRefreshJob.java:162)
	at org.eclipse.m2e.core.internal.embedder.MavenExecutionContext.executeBare(MavenExecutionContext.java:458)
	at org.eclipse.m2e.core.internal.embedder.MavenExecutionContext.execute(MavenExecutionContext.java:339)
	at org.eclipse.m2e.core.internal.embedder.MavenExecutionContext.execute(MavenExecutionContext.java:278)
	at org.eclipse.m2e.core.internal.project.registry.ProjectRegistryRefreshJob.run(ProjectRegistryRefreshJob.java:106)
	at org.eclipse.core.internal.jobs.Worker.run(Worker.java:63)
2024-09-09 17:14:53,751 [Worker-34: Updating Maven Dependencies] ERROR o.e.m.j.i.l.MavenLaunchConfigurationListener - Launch configuration ejercicio1 references non-existing project ejercicio1.
org.eclipse.core.runtime.CoreException: Launch configuration ejercicio1 references non-existing project ejercicio1.
	at org.eclipse.jdt.launching.JavaRuntime.abort(JavaRuntime.java:1867)
	at org.eclipse.jdt.launching.JavaRuntime.getJavaProject(JavaRuntime.java:1744)
	at org.eclipse.m2e.jdt.internal.launch.MavenLaunchConfigurationListener.updateLaunchConfiguration(MavenLaunchConfigurationListener.java:64)
	at org.eclipse.m2e.jdt.internal.launch.MavenLaunchConfigurationListener.launchConfigurationChanged(MavenLaunchConfigurationListener.java:50)
	at org.eclipse.debug.internal.core.LaunchManager$ConfigurationNotifier.run(LaunchManager.java:220)
	at org.eclipse.core.runtime.SafeRunner.run(SafeRunner.java:47)
	at org.eclipse.debug.internal.core.LaunchManager$ConfigurationNotifier.notify(LaunchManager.java:204)
	at org.eclipse.debug.internal.core.LaunchManager.launchConfigurationChanged(LaunchManager.java:2010)
	at org.eclipse.debug.internal.core.LaunchConfigurationWorkingCopy.writeNewFile(LaunchConfigurationWorkingCopy.java:380)
	at org.eclipse.debug.internal.core.LaunchConfigurationWorkingCopy.doSave0(LaunchConfigurationWorkingCopy.java:259)
	at org.eclipse.debug.internal.core.LaunchConfigurationWorkingCopy.doSave(LaunchConfigurationWorkingCopy.java:229)
	at org.eclipse.debug.internal.core.LaunchConfigurationWorkingCopy.doSave(LaunchConfigurationWorkingCopy.java:187)
	at org.eclipse.m2e.jdt.internal.launch.MavenRuntimeClasspathProvider.disable(MavenRuntimeClasspathProvider.java:411)
	at org.eclipse.m2e.jdt.internal.launch.MavenRuntimeClasspathProvider.disable(MavenRuntimeClasspathProvider.java:435)
	at org.eclipse.m2e.jdt.internal.launch.MavenLaunchConfigurationListener.mavenProjectChanged(MavenLaunchConfigurationListener.java:135)
	at org.eclipse.m2e.core.internal.project.registry.ProjectRegistryManager.notifyProjectChangeListeners(ProjectRegistryManager.java:892)
	at org.eclipse.m2e.core.internal.project.registry.ProjectRegistryManager.applyMutableProjectRegistry(ProjectRegistryManager.java:1042)
	at org.eclipse.m2e.core.internal.project.registry.ProjectRegistryRefreshJob.lambda$0(ProjectRegistryRefreshJob.java:162)
	at org.eclipse.m2e.core.internal.embedder.MavenExecutionContext.executeBare(MavenExecutionContext.java:458)
	at org.eclipse.m2e.core.internal.embedder.MavenExecutionContext.execute(MavenExecutionContext.java:339)
	at org.eclipse.m2e.core.internal.embedder.MavenExecutionContext.execute(MavenExecutionContext.java:278)
	at org.eclipse.m2e.core.internal.project.registry.ProjectRegistryRefreshJob.run(ProjectRegistryRefreshJob.java:106)
	at org.eclipse.core.internal.jobs.Worker.run(Worker.java:63)
2024-09-09 17:15:52,019 [Worker-35: Importing Maven projects] INFO  o.e.m.c.i.l.LifecycleMappingFactory - Using org.eclipse.m2e.jdt.JarLifecycleMapping lifecycle mapping for MavenProject: ar.edu.info.unlp:ejercicioDemo:0.0.1-SNAPSHOT @ C:\Users\Usuario\Desktop\UNLP\OO1\ejer2\ejercicio2\pom.xml.
2024-09-09 17:15:52,171 [Worker-35: Importing Maven projects] INFO  o.e.m.j.i.AbstractJavaProjectConfigurator - Adding source folder /ejercicioDemo/src/main/java
2024-09-09 17:15:52,172 [Worker-35: Importing Maven projects] INFO  o.e.m.j.i.AbstractJavaProjectConfigurator - Adding resource folder /ejercicioDemo/src/main/resources
2024-09-09 17:15:52,178 [Worker-35: Importing Maven projects] INFO  o.e.m.j.i.AbstractJavaProjectConfigurator - Adding source folder /ejercicioDemo/src/test/java
2024-09-09 17:15:52,180 [Worker-35: Importing Maven projects] INFO  o.e.m.j.i.AbstractJavaProjectConfigurator - Adding resource folder /ejercicioDemo/src/test/resources
2024-09-09 17:15:52,281 [Worker-35: Importing Maven projects] INFO  o.e.m.c.i.p.ProjectConfigurationManager - Imported and configured 1 project(s) in 0 sec
2024-09-09 17:15:52,591 [Worker-34: Building] INFO  o.a.m.s.f.DefaultMavenResourcesFiltering - skip non existing resourceDirectory C:\Users\Usuario\Desktop\UNLP\OO1\ejer2\ejercicio2\src\main\resources
2024-09-09 17:15:52,595 [Worker-34: Building] INFO  o.a.m.s.f.DefaultMavenResourcesFiltering - skip non existing resourceDirectory C:\Users\Usuario\Desktop\UNLP\OO1\ejer2\ejercicio2\src\test\resources
2024-09-09 17:24:38,793 [Worker-39: Importing Maven projects] INFO  o.e.m.c.i.l.LifecycleMappingFactory - Using org.eclipse.m2e.jdt.JarLifecycleMapping lifecycle mapping for MavenProject: ar.edu.info.unlp:ejercicioDemo:0.0.1-SNAPSHOT @ C:\Users\Usuario\Desktop\UNLP\OO1\ejer2\pom.xml.
2024-09-09 17:24:39,007 [Worker-39: Importing Maven projects] INFO  o.e.m.j.i.AbstractJavaProjectConfigurator - Adding source folder /ejer2/src/main/java
2024-09-09 17:24:39,009 [Worker-39: Importing Maven projects] INFO  o.e.m.j.i.AbstractJavaProjectConfigurator - Adding resource folder /ejer2/src/main/resources
2024-09-09 17:24:39,013 [Worker-39: Importing Maven projects] INFO  o.e.m.j.i.AbstractJavaProjectConfigurator - Adding source folder /ejer2/src/test/java
2024-09-09 17:24:39,014 [Worker-39: Importing Maven projects] INFO  o.e.m.j.i.AbstractJavaProjectConfigurator - Adding resource folder /ejer2/src/test/resources
2024-09-09 17:24:39,231 [Worker-39: Importing Maven projects] INFO  o.e.m.c.i.p.ProjectConfigurationManager - Imported and configured 1 project(s) in 0 sec
2024-09-09 17:24:39,514 [Worker-41: Building] INFO  o.a.m.s.f.DefaultMavenResourcesFiltering - skip non existing resourceDirectory C:\Users\Usuario\Desktop\UNLP\OO1\ejer2\src\main\resources
2024-09-09 17:24:39,517 [Worker-41: Building] INFO  o.a.m.s.f.DefaultMavenResourcesFiltering - skip non existing resourceDirectory C:\Users\Usuario\Desktop\UNLP\OO1\ejer2\src\test\resources
2024-09-09 17:29:01,705 [Worker-43: Building] INFO  o.a.m.s.f.DefaultMavenResourcesFiltering - skip non existing resourceDirectory C:\Users\Usuario\Desktop\UNLP\OO1\ejer2\src\main\resources
2024-09-09 17:29:01,788 [Worker-43: Building] INFO  o.a.m.s.f.DefaultMavenResourcesFiltering - skip non existing resourceDirectory C:\Users\Usuario\Desktop\UNLP\OO1\ejer2\src\test\resources
2024-09-09 17:31:57,648 [Worker-43: Building] INFO  o.a.m.s.f.DefaultMavenResourcesFiltering - skip non existing resourceDirectory C:\Users\Usuario\Desktop\UNLP\OO1\ejer2\src\main\resources
2024-09-09 17:31:57,653 [Worker-43: Building] INFO  o.a.m.s.f.DefaultMavenResourcesFiltering - skip non existing resourceDirectory C:\Users\Usuario\Desktop\UNLP\OO1\ejer2\src\test\resources
2024-09-09 17:34:27,465 [Worker-42: Building] INFO  o.a.m.s.f.DefaultMavenResourcesFiltering - skip non existing resourceDirectory C:\Users\Usuario\Desktop\UNLP\OO1\ejer2\src\main\resources
2024-09-09 17:34:27,469 [Worker-42: Building] INFO  o.a.m.s.f.DefaultMavenResourcesFiltering - skip non existing resourceDirectory C:\Users\Usuario\Desktop\UNLP\OO1\ejer2\src\test\resources
2024-09-09 17:35:10,497 [Worker-43: Building] INFO  o.a.m.s.f.DefaultMavenResourcesFiltering - skip non existing resourceDirectory C:\Users\Usuario\Desktop\UNLP\OO1\ejer2\src\main\resources
2024-09-09 17:35:10,502 [Worker-43: Building] INFO  o.a.m.s.f.DefaultMavenResourcesFiltering - skip non existing resourceDirectory C:\Users\Usuario\Desktop\UNLP\OO1\ejer2\src\test\resources
2024-09-09 17:35:24,928 [Worker-43: Building] INFO  o.a.m.s.f.DefaultMavenResourcesFiltering - skip non existing resourceDirectory C:\Users\Usuario\Desktop\UNLP\OO1\ejer2\src\main\resources
2024-09-09 17:35:24,935 [Worker-43: Building] INFO  o.a.m.s.f.DefaultMavenResourcesFiltering - skip non existing resourceDirectory C:\Users\Usuario\Desktop\UNLP\OO1\ejer2\src\test\resources
2024-09-09 18:28:48,023 [Worker-52: Launching ejer2] INFO  o.a.m.s.f.DefaultMavenResourcesFiltering - skip non existing resourceDirectory C:\Users\Usuario\Desktop\UNLP\OO1\ejer2\src\main\resources
2024-09-09 18:28:48,144 [Worker-52: Launching ejer2] INFO  o.a.m.s.f.DefaultMavenResourcesFiltering - skip non existing resourceDirectory C:\Users\Usuario\Desktop\UNLP\OO1\ejer2\src\test\resources
2024-09-09 18:38:07,149 [Worker-54: Launching ejer2] INFO  o.a.m.s.f.DefaultMavenResourcesFiltering - skip non existing resourceDirectory C:\Users\Usuario\Desktop\UNLP\OO1\ejer2\src\main\resources
2024-09-09 18:38:07,168 [Worker-54: Launching ejer2] INFO  o.a.m.s.f.DefaultMavenResourcesFiltering - skip non existing resourceDirectory C:\Users\Usuario\Desktop\UNLP\OO1\ejer2\src\test\resources
